2025-09-05 20:29:44,311 - real_military_crypto - INFO - 真實軍事級加密系統初始化完成
2025-09-05 20:29:44,357 - real_threat_hunting - INFO - 真實威脅獵殺系統初始化完成
2025-09-05 20:29:44,437 - real_threat_hunting - ERROR - 進程監控錯誤: Object of type ThreatCategory is not JSON serializable
2025-09-05 20:29:44,480 - real_zero_trust - INFO - 真實零信任架構系統初始化完成
2025-09-05 20:29:44,487 - real_main - ERROR - 組件初始化失敗: near "references": syntax error
2025-09-05 20:29:44,495 - real_military_crypto - INFO - 真實軍事級加密系統初始化完成
2025-09-05 20:29:44,518 - real_threat_hunting - INFO - 真實威脅獵殺系統初始化完成
2025-09-05 20:29:44,624 - real_threat_hunting - ERROR - 進程監控錯誤: Object of type ThreatCategory is not JSON serializable
2025-09-05 20:29:44,624 - real_zero_trust - INFO - 真實零信任架構系統初始化完成
2025-09-05 20:29:44,629 - real_main - ERROR - 組件初始化失敗: near "references": syntax error
2025-09-05 20:29:44,635 - real_military_crypto - INFO - 真實軍事級加密系統初始化完成
2025-09-05 20:29:44,642 - real_threat_hunting - INFO - 真實威脅獵殺系統初始化完成
2025-09-05 20:29:44,735 - real_threat_hunting - ERROR - 進程監控錯誤: Object of type ThreatCategory is not JSON serializable
2025-09-05 20:29:44,735 - real_zero_trust - INFO - 真實零信任架構系統初始化完成
2025-09-05 20:29:44,742 - real_main - ERROR - 組件初始化失敗: near "references": syntax error
2025-09-05 20:29:44,751 - real_military_crypto - INFO - 真實軍事級加密系統初始化完成
2025-09-05 20:29:44,770 - real_threat_hunting - INFO - 真實威脅獵殺系統初始化完成
2025-09-05 20:29:44,867 - real_threat_hunting - ERROR - 進程監控錯誤: Object of type ThreatCategory is not JSON serializable
2025-09-05 20:29:44,868 - real_zero_trust - INFO - 真實零信任架構系統初始化完成
2025-09-05 20:29:44,874 - real_main - ERROR - 組件初始化失敗: near "references": syntax error
2025-09-05 20:29:44,883 - real_military_crypto - INFO - 真實軍事級加密系統初始化完成
2025-09-05 20:29:44,891 - real_threat_hunting - INFO - 真實威脅獵殺系統初始化完成
2025-09-05 20:29:44,985 - real_threat_hunting - ERROR - 進程監控錯誤: Object of type ThreatCategory is not JSON serializable
2025-09-05 20:29:44,985 - real_zero_trust - INFO - 真實零信任架構系統初始化完成
2025-09-05 20:29:44,990 - real_main - ERROR - 組件初始化失敗: near "references": syntax error
2025-09-05 20:29:44,996 - real_military_crypto - INFO - 真實軍事級加密系統初始化完成
2025-09-05 20:29:45,016 - real_threat_hunting - INFO - 真實威脅獵殺系統初始化完成
2025-09-05 20:29:45,100 - real_threat_hunting - ERROR - 進程監控錯誤: Object of type ThreatCategory is not JSON serializable
2025-09-05 20:29:45,100 - real_zero_trust - INFO - 真實零信任架構系統初始化完成
2025-09-05 20:29:45,107 - real_main - ERROR - 組件初始化失敗: near "references": syntax error
2025-09-05 20:29:45,113 - real_military_crypto - INFO - 真實軍事級加密系統初始化完成
2025-09-05 20:29:45,183 - real_threat_hunting - INFO - 真實威脅獵殺系統初始化完成
2025-09-05 20:29:45,213 - real_threat_hunting - ERROR - 進程監控錯誤: Object of type ThreatCategory is not JSON serializable
2025-09-05 20:29:45,214 - real_zero_trust - INFO - 真實零信任架構系統初始化完成
2025-09-05 20:29:45,219 - real_main - ERROR - 組件初始化失敗: near "references": syntax error
2025-09-05 20:29:45,227 - real_military_crypto - INFO - 真實軍事級加密系統初始化完成
2025-09-05 20:29:45,272 - real_threat_hunting - ERROR - 進程監控錯誤: Object of type ThreatCategory is not JSON serializable
2025-09-05 20:29:45,272 - real_threat_hunting - INFO - 真實威脅獵殺系統初始化完成
2025-09-05 20:29:45,273 - real_zero_trust - INFO - 真實零信任架構系統初始化完成
2025-09-05 20:29:45,280 - real_main - ERROR - 組件初始化失敗: near "references": syntax error
2025-09-05 20:29:45,288 - real_military_crypto - INFO - 真實軍事級加密系統初始化完成
2025-09-05 20:29:45,297 - real_threat_hunting - INFO - 真實威脅獵殺系統初始化完成
2025-09-05 20:29:45,369 - real_threat_hunting - ERROR - 進程監控錯誤: Object of type ThreatCategory is not JSON serializable
2025-09-05 20:29:45,370 - real_zero_trust - INFO - 真實零信任架構系統初始化完成
2025-09-05 20:29:45,378 - real_main - ERROR - 組件初始化失敗: near "references": syntax error
2025-09-05 20:30:38,891 - real_military_crypto - INFO - 真實軍事級加密系統初始化完成
2025-09-05 20:30:38,911 - real_threat_hunting - INFO - 真實威脅獵殺系統初始化完成
2025-09-05 20:30:38,988 - real_threat_hunting - ERROR - 進程監控錯誤: Object of type datetime is not JSON serializable
2025-09-05 20:30:38,989 - real_zero_trust - INFO - 真實零信任架構系統初始化完成
2025-09-05 20:30:39,019 - real_red_team - INFO - 真實滲透測試系統初始化完成
2025-09-05 20:30:39,134 - real_compliance - INFO - 真實合規檢查系統初始化完成
2025-09-05 20:30:39,134 - real_main - INFO - 所有真實組件初始化成功
2025-09-05 20:30:39,135 - real_main - INFO - 真實軍事級防火牆系統初始化完成
2025-09-05 20:30:39,172 - real_compliance - INFO - 合規檢查完成: 密碼策略檢查 - PARTIALLY_COMPLIANT
2025-09-05 20:30:45,046 - real_compliance - INFO - 合規檢查完成: 防火牆配置檢查 - PARTIALLY_COMPLIANT
2025-09-05 20:30:45,073 - real_compliance - INFO - 合規檢查完成: 日誌記錄檢查 - PARTIALLY_COMPLIANT
2025-09-05 20:30:53,133 - real_compliance - INFO - 合規檢查完成: 加密配置檢查 - PARTIALLY_COMPLIANT
2025-09-05 20:30:53,134 - real_compliance - INFO - 完整合規檢查完成: NIST
2025-09-05 20:30:53,179 - real_compliance - INFO - 合規檢查完成: 存取控制檢查 - FULLY_COMPLIANT
2025-09-05 20:30:53,189 - real_compliance - INFO - 合規檢查完成: 資訊安全政策檢查 - PARTIALLY_COMPLIANT
2025-09-05 20:30:53,189 - real_compliance - INFO - 完整合規檢查完成: ISO
2025-09-05 20:30:53,195 - real_military_crypto - INFO - 真實軍事級加密系統初始化完成
2025-09-05 20:30:53,216 - real_threat_hunting - INFO - 真實威脅獵殺系統初始化完成
2025-09-05 20:30:53,266 - real_threat_hunting - ERROR - 進程監控錯誤: Object of type datetime is not JSON serializable
2025-09-05 20:30:53,267 - real_zero_trust - INFO - 真實零信任架構系統初始化完成
2025-09-05 20:30:53,273 - real_red_team - INFO - 真實滲透測試系統初始化完成
2025-09-05 20:30:53,349 - real_compliance - INFO - 真實合規檢查系統初始化完成
2025-09-05 20:30:53,349 - real_main - INFO - 所有真實組件初始化成功
2025-09-05 20:30:53,349 - real_main - INFO - 真實軍事級防火牆系統初始化完成
2025-09-05 20:30:53,359 - real_military_crypto - INFO - 已生成真實密鑰: REAL_AES_256_SECRET_20250905_203053 (AES_256)
2025-09-05 20:30:54,359 - real_military_crypto - INFO - 已生成真實密鑰: REAL_RSA_4096_TOP_SECRET_20250905_203053 (RSA_4096)
2025-09-05 20:30:54,395 - real_military_crypto - INFO - 真實軍事級加密系統初始化完成
2025-09-05 20:30:54,403 - real_threat_hunting - INFO - 真實威脅獵殺系統初始化完成
2025-09-05 20:30:54,468 - real_threat_hunting - ERROR - 進程監控錯誤: Object of type datetime is not JSON serializable
2025-09-05 20:30:54,468 - real_zero_trust - INFO - 真實零信任架構系統初始化完成
2025-09-05 20:30:54,474 - real_red_team - INFO - 真實滲透測試系統初始化完成
2025-09-05 20:30:54,549 - real_compliance - INFO - 真實合規檢查系統初始化完成
2025-09-05 20:30:54,550 - real_main - INFO - 所有真實組件初始化成功
2025-09-05 20:30:54,550 - real_main - INFO - 真實軍事級防火牆系統初始化完成
2025-09-05 20:31:09,334 - real_threat_hunting - ERROR - 進程監控錯誤: Object of type datetime is not JSON serializable
2025-09-05 20:31:09,585 - real_threat_hunting - WARNING - 威脅檢測: 檢測到異常網路活動 (等級: MEDIUM)
2025-09-05 20:31:24,422 - real_threat_hunting - ERROR - 進程監控錯誤: Object of type datetime is not JSON serializable
2025-09-05 20:31:24,660 - real_threat_hunting - WARNING - 威脅檢測: 檢測到異常網路活動 (等級: MEDIUM)
2025-09-05 20:31:24,780 - real_threat_hunting - ERROR - 進程監控錯誤: Object of type datetime is not JSON serializable
2025-09-05 20:31:25,012 - real_threat_hunting - WARNING - 威脅檢測: 檢測到異常網路活動 (等級: MEDIUM)
2025-09-05 20:31:39,655 - real_threat_hunting - ERROR - 進程監控錯誤: Object of type datetime is not JSON serializable
2025-09-05 20:31:39,885 - real_threat_hunting - WARNING - 威脅檢測: 檢測到異常網路活動 (等級: MEDIUM)
2025-09-05 20:31:54,736 - real_threat_hunting - ERROR - 進程監控錯誤: Object of type datetime is not JSON serializable
2025-09-05 20:31:54,960 - real_threat_hunting - WARNING - 威脅檢測: 檢測到異常網路活動 (等級: MEDIUM)
2025-09-05 20:31:55,082 - real_threat_hunting - ERROR - 進程監控錯誤: Object of type datetime is not JSON serializable
2025-09-05 20:31:55,322 - real_threat_hunting - WARNING - 威脅檢測: 檢測到異常網路活動 (等級: MEDIUM)
2025-09-05 20:32:09,986 - real_threat_hunting - ERROR - 進程監控錯誤: Object of type datetime is not JSON serializable
2025-09-05 20:32:10,216 - real_threat_hunting - WARNING - 威脅檢測: 檢測到異常網路活動 (等級: MEDIUM)
2025-09-05 20:32:25,027 - real_threat_hunting - ERROR - 進程監控錯誤: Object of type datetime is not JSON serializable
2025-09-05 20:32:25,252 - real_threat_hunting - WARNING - 威脅檢測: 檢測到異常網路活動 (等級: MEDIUM)
2025-09-05 20:32:25,414 - real_threat_hunting - ERROR - 進程監控錯誤: Object of type datetime is not JSON serializable
2025-09-05 20:32:25,662 - real_threat_hunting - WARNING - 威脅檢測: 檢測到異常網路活動 (等級: MEDIUM)
2025-09-05 20:38:22,160 - real_military_crypto - INFO - 真實軍事級加密系統初始化完成
2025-09-05 20:38:22,172 - real_threat_hunting - INFO - 真實威脅獵殺系統初始化完成
2025-09-05 20:38:22,239 - real_zero_trust - INFO - 真實零信任架構系統初始化完成
2025-09-05 20:38:22,247 - real_red_team - INFO - 真實滲透測試系統初始化完成
2025-09-05 20:38:22,251 - real_threat_hunting - WARNING - 威脅檢測: 可疑進程執行: powershell.exe (等級: MEDIUM)
2025-09-05 20:38:22,284 - real_threat_hunting - WARNING - 威脅檢測: 可疑進程執行: powershell.exe (等級: MEDIUM)
2025-09-05 20:38:22,351 - real_threat_hunting - WARNING - 威脅檢測: 可疑進程執行: powershell.exe (等級: MEDIUM)
2025-09-05 20:38:22,422 - real_threat_hunting - WARNING - 威脅檢測: 可疑進程執行: powershell.exe (等級: MEDIUM)
2025-09-05 20:38:22,438 - real_threat_hunting - WARNING - 威脅檢測: 可疑進程執行: powershell.exe (等級: MEDIUM)
2025-09-05 20:38:22,446 - real_compliance - INFO - 真實合規檢查系統初始化完成
2025-09-05 20:38:22,446 - __main__ - INFO - 所有真實組件初始化成功
2025-09-05 20:38:22,446 - __main__ - INFO - 真實軍事級防火牆系統初始化完成
2025-09-05 20:38:22,448 - __main__ - INFO - 執行初始安全檢查...
2025-09-05 20:38:22,476 - real_compliance - INFO - 合規檢查完成: 密碼策略檢查 - PARTIALLY_COMPLIANT
2025-09-05 20:38:22,690 - real_threat_hunting - ERROR - 異常檢測錯誤: unsupported operand type(s) for -: 'datetime.datetime' and 'str'
2025-09-05 20:38:24,946 - __main__ - INFO - 收到信號 2，正在關閉系統...
