2025-09-05 23:23:42,421 - __main__ - INFO - ²×·„­xØĘÆÅØ¾¤õĄšØt²ĪŖģ©l¤Ę§¹¦Ø
2025-09-05 23:23:42,421 - __main__ - INFO - Ŗģ©l¤ĘĆä¬É¼hØ¾æmØt²Ī...
2025-09-05 23:23:42,421 - military_perimeter_defense - ERROR - «Ź„]¤ĄŖRæł»~: 'MilitaryPerimeterDefense' object has no attribute '_user_behavior_analysis'
2025-09-05 23:23:42,421 - military_perimeter_defense - INFO - ­xØĘÆÅĆä¬É¼hØ¾æmØt²ĪŖģ©l¤Ę§¹¦Ø
2025-09-05 23:23:42,421 - military_perimeter_defense - ERROR - «Ź„]¤ĄŖRæł»~: 'MilitaryPerimeterDefense' object has no attribute '_user_behavior_analysis'
2025-09-05 23:23:42,421 - __main__ - INFO - Ćä¬É¼hØ¾æmØt²Ī¤w±Ņ°Ź
2025-09-05 23:23:42,421 - military_perimeter_defense - ERROR - «Ź„]¤ĄŖRæł»~: 'MilitaryPerimeterDefense' object has no attribute '_user_behavior_analysis'
2025-09-05 23:23:42,421 - __main__ - INFO - Ŗģ©l¤Ę¤ŗ³”ŗōøō¼hØ¾æmØt²Ī...
2025-09-05 23:23:42,421 - military_perimeter_defense - ERROR - «Ź„]¤ĄŖRæł»~: 'MilitaryPerimeterDefense' object has no attribute '_user_behavior_analysis'
2025-09-05 23:23:42,421 - military_perimeter_defense - ERROR - «Ź„]¤ĄŖRæł»~: 'MilitaryPerimeterDefense' object has no attribute '_user_behavior_analysis'
2025-09-05 23:23:42,421 - military_perimeter_defense - ERROR - «Ź„]¤ĄŖRæł»~: 'MilitaryPerimeterDefense' object has no attribute '_user_behavior_analysis'
2025-09-05 23:23:42,421 - military_perimeter_defense - ERROR - «Ź„]¤ĄŖRæł»~: 'MilitaryPerimeterDefense' object has no attribute '_user_behavior_analysis'
2025-09-05 23:23:42,421 - military_perimeter_defense - ERROR - «Ź„]¤ĄŖRæł»~: 'MilitaryPerimeterDefense' object has no attribute '_user_behavior_analysis'
2025-09-05 23:23:42,421 - military_perimeter_defense - ERROR - «Ź„]¤ĄŖRæł»~: 'MilitaryPerimeterDefense' object has no attribute '_user_behavior_analysis'
2025-09-05 23:23:42,421 - military_perimeter_defense - ERROR - «Ź„]¤ĄŖRæł»~: 'MilitaryPerimeterDefense' object has no attribute '_user_behavior_analysis'
2025-09-05 23:23:42,421 - military_perimeter_defense - ERROR - «Ź„]¤ĄŖRæł»~: 'MilitaryPerimeterDefense' object has no attribute '_user_behavior_analysis'
2025-09-05 23:23:42,421 - military_internal_segmentation - INFO - ¾÷¾¹¾Ē²ß¼Ņ«¬Ŗģ©l¤Ę§¹¦Ø
2025-09-05 23:23:42,421 - military_perimeter_defense - ERROR - «Ź„]¤ĄŖRæł»~: 'MilitaryPerimeterDefense' object has no attribute '_user_behavior_analysis'
2025-09-05 23:23:42,421 - military_perimeter_defense - ERROR - «Ź„]¤ĄŖRæł»~: 'MilitaryPerimeterDefense' object has no attribute '_user_behavior_analysis'
2025-09-05 23:23:42,421 - military_internal_segmentation - INFO - ­xØĘÆÅ¤ŗ³”ŗōøō¼hØ¾æmØt²ĪŖģ©l¤Ę§¹¦Ø
2025-09-05 23:23:42,421 - military_perimeter_defense - ERROR - «Ź„]¤ĄŖRæł»~: 'MilitaryPerimeterDefense' object has no attribute '_user_behavior_analysis'
2025-09-05 23:23:42,421 - __main__ - INFO - ¤ŗ³”ŗōøō¼hØ¾æmØt²Ī¤w±Ņ°Ź
2025-09-05 23:23:42,421 - military_perimeter_defense - ERROR - «Ź„]¤ĄŖRæł»~: 'MilitaryPerimeterDefense' object has no attribute '_user_behavior_analysis'
2025-09-05 23:23:42,431 - __main__ - INFO - Ŗģ©l¤ĘSOC/«ü“§¤¤¤ßØt²Ī...
2025-09-05 23:23:42,431 - military_perimeter_defense - ERROR - «Ź„]¤ĄŖRæł»~: 'MilitaryPerimeterDefense' object has no attribute '_user_behavior_analysis'
2025-09-05 23:23:42,431 - military_perimeter_defense - ERROR - «Ź„]¤ĄŖRæł»~: 'MilitaryPerimeterDefense' object has no attribute '_user_behavior_analysis'
2025-09-05 23:23:42,431 - military_perimeter_defense - ERROR - «Ź„]¤ĄŖRæł»~: 'MilitaryPerimeterDefense' object has no attribute '_user_behavior_analysis'
2025-09-05 23:23:42,431 - military_perimeter_defense - ERROR - «Ź„]¤ĄŖRæł»~: 'MilitaryPerimeterDefense' object has no attribute '_user_behavior_analysis'
2025-09-05 23:23:42,431 - military_perimeter_defense - ERROR - «Ź„]¤ĄŖRæł»~: 'MilitaryPerimeterDefense' object has no attribute '_user_behavior_analysis'
2025-09-05 23:23:42,431 - military_perimeter_defense - ERROR - «Ź„]¤ĄŖRæł»~: 'MilitaryPerimeterDefense' object has no attribute '_user_behavior_analysis'
2025-09-05 23:23:42,431 - military_perimeter_defense - ERROR - «Ź„]¤ĄŖRæł»~: 'MilitaryPerimeterDefense' object has no attribute '_user_behavior_analysis'
2025-09-05 23:23:42,433 - military_perimeter_defense - ERROR - «Ź„]¤ĄŖRæł»~: 'MilitaryPerimeterDefense' object has no attribute '_user_behavior_analysis'
2025-09-05 23:23:42,433 - military_soc_command_center - INFO - ­xØĘÆÅSOC/«ü“§¤¤¤ßØt²ĪŖģ©l¤Ę§¹¦Ø
2025-09-05 23:23:42,433 - military_perimeter_defense - ERROR - «Ź„]¤ĄŖRæł»~: 'MilitaryPerimeterDefense' object has no attribute '_user_behavior_analysis'
2025-09-05 23:23:42,433 - __main__ - INFO - SOC/«ü“§¤¤¤ßØt²Ī¤w±Ņ°Ź
2025-09-05 23:23:42,433 - military_perimeter_defense - ERROR - «Ź„]¤ĄŖRæł»~: 'MilitaryPerimeterDefense' object has no attribute '_user_behavior_analysis'
2025-09-05 23:23:42,433 - __main__ - INFO - Ŗģ©l¤Ę®š»Ų¹jĀ÷Øt²Ī...
2025-09-05 23:23:42,434 - military_perimeter_defense - ERROR - «Ź„]¤ĄŖRæł»~: 'MilitaryPerimeterDefense' object has no attribute '_user_behavior_analysis'
2025-09-05 23:23:42,434 - military_perimeter_defense - ERROR - «Ź„]¤ĄŖRæł»~: 'MilitaryPerimeterDefense' object has no attribute '_user_behavior_analysis'
2025-09-05 23:23:42,434 - military_perimeter_defense - ERROR - «Ź„]¤ĄŖRæł»~: 'MilitaryPerimeterDefense' object has no attribute '_user_behavior_analysis'
2025-09-05 23:23:42,434 - military_perimeter_defense - ERROR - «Ź„]¤ĄŖRæł»~: 'MilitaryPerimeterDefense' object has no attribute '_user_behavior_analysis'
2025-09-05 23:23:42,434 - military_perimeter_defense - ERROR - «Ź„]¤ĄŖRæł»~: 'MilitaryPerimeterDefense' object has no attribute '_user_behavior_analysis'
2025-09-05 23:23:42,435 - military_perimeter_defense - ERROR - «Ź„]¤ĄŖRæł»~: 'MilitaryPerimeterDefense' object has no attribute '_user_behavior_analysis'
2025-09-05 23:23:42,435 - military_perimeter_defense - ERROR - «Ź„]¤ĄŖRæł»~: 'MilitaryPerimeterDefense' object has no attribute '_user_behavior_analysis'
2025-09-05 23:23:42,435 - military_perimeter_defense - ERROR - «Ź„]¤ĄŖRæł»~: 'MilitaryPerimeterDefense' object has no attribute '_user_behavior_analysis'
2025-09-05 23:23:42,435 - military_perimeter_defense - ERROR - «Ź„]¤ĄŖRæł»~: 'MilitaryPerimeterDefense' object has no attribute '_user_behavior_analysis'
2025-09-05 23:23:42,435 - military_perimeter_defense - ERROR - «Ź„]¤ĄŖRæł»~: 'MilitaryPerimeterDefense' object has no attribute '_user_behavior_analysis'
2025-09-05 23:23:42,436 - military_perimeter_defense - ERROR - «Ź„]¤ĄŖRæł»~: 'MilitaryPerimeterDefense' object has no attribute '_user_behavior_analysis'
2025-09-05 23:23:42,436 - military_perimeter_defense - ERROR - «Ź„]¤ĄŖRæł»~: 'MilitaryPerimeterDefense' object has no attribute '_user_behavior_analysis'
2025-09-05 23:23:42,436 - military_perimeter_defense - WARNING - Ŗż¾×³s½u: 192.168.1.101:61559 -> 192.168.50.250:9100 (³W«h: Ŗż¾×“c·NIP)
2025-09-05 23:23:42,436 - military_perimeter_defense - ERROR - «Ź„]¤ĄŖRæł»~: 'MilitaryPerimeterDefense' object has no attribute '_user_behavior_analysis'
2025-09-05 23:23:42,436 - military_perimeter_defense - ERROR - DDoS§šĄ»ĄĖ“śæł»~: 'tuple' object has no attribute 'port'
2025-09-05 23:23:42,436 - military_perimeter_defense - ERROR - Web§šĄ»ĄĖ“śæł»~: 'tuple' object has no attribute 'port'
2025-09-05 23:23:42,466 - military_internal_segmentation - INFO - ·s³]³Ęµo²{: DESKTOP-ARCOCUK.home (192.168.1.101) - »Ż­n»{ĆŅ
2025-09-05 23:23:42,468 - military_internal_segmentation - INFO - ³]³Ę»{ĆŅ¦Ø„\: DESKTOP-ARCOCUK.home
2025-09-05 23:23:42,475 - military_air_gap_isolation - INFO - ­xØĘÆÅ®š»Ų¹jĀ÷Øt²ĪŖģ©l¤Ę§¹¦Ø
2025-09-05 23:23:42,475 - __main__ - INFO - ®š»Ų¹jĀ÷Øt²Ī¤w±Ņ°Ź
2025-09-05 23:23:42,475 - __main__ - INFO - Ŗģ©l¤Ę°ŖÆÅ¦w„ž„\ÆąØt²Ī...
2025-09-05 23:23:42,518 - military_advanced_security - INFO - ­xØĘÆÅ°ŖÆÅ¦w„ž„\ÆąŖģ©l¤Ę§¹¦Ø
2025-09-05 23:23:42,518 - __main__ - INFO - °ŖÆÅ¦w„ž„\ÆąØt²Ī¤w±Ņ°Ź
2025-09-05 23:23:42,518 - __main__ - INFO - ©Ņ¦³Ø¾æmØt²Ī¤wŖģ©l¤Ę§¹¦Ø (5/5)
2025-09-05 23:23:42,518 - __main__ - INFO - ²×·„­xØĘÆÅØ¾¤õĄšØt²Ī¤w±Ņ°Ź
2025-09-05 23:23:43,440 - military_perimeter_defense - ERROR - «Ź„]¤ĄŖRæł»~: 'MilitaryPerimeterDefense' object has no attribute '_user_behavior_analysis'
2025-09-05 23:23:43,440 - military_perimeter_defense - ERROR - «Ź„]¤ĄŖRæł»~: 'MilitaryPerimeterDefense' object has no attribute '_user_behavior_analysis'
2025-09-05 23:23:43,441 - military_perimeter_defense - ERROR - «Ź„]¤ĄŖRæł»~: 'MilitaryPerimeterDefense' object has no attribute '_user_behavior_analysis'
2025-09-05 23:23:43,441 - military_perimeter_defense - ERROR - «Ź„]¤ĄŖRæł»~: 'MilitaryPerimeterDefense' object has no attribute '_user_behavior_analysis'
2025-09-05 23:23:43,441 - military_perimeter_defense - ERROR - «Ź„]¤ĄŖRæł»~: 'MilitaryPerimeterDefense' object has no attribute '_user_behavior_analysis'
2025-09-05 23:23:43,441 - military_perimeter_defense - ERROR - «Ź„]¤ĄŖRæł»~: 'MilitaryPerimeterDefense' object has no attribute '_user_behavior_analysis'
2025-09-05 23:23:43,441 - military_perimeter_defense - ERROR - «Ź„]¤ĄŖRæł»~: 'MilitaryPerimeterDefense' object has no attribute '_user_behavior_analysis'
2025-09-05 23:23:43,441 - military_perimeter_defense - ERROR - «Ź„]¤ĄŖRæł»~: 'MilitaryPerimeterDefense' object has no attribute '_user_behavior_analysis'
2025-09-05 23:23:43,441 - military_perimeter_defense - ERROR - «Ź„]¤ĄŖRæł»~: 'MilitaryPerimeterDefense' object has no attribute '_user_behavior_analysis'
2025-09-05 23:23:43,442 - military_perimeter_defense - ERROR - «Ź„]¤ĄŖRæł»~: 'MilitaryPerimeterDefense' object has no attribute '_user_behavior_analysis'
2025-09-05 23:23:43,442 - military_perimeter_defense - ERROR - «Ź„]¤ĄŖRæł»~: 'MilitaryPerimeterDefense' object has no attribute '_user_behavior_analysis'
2025-09-05 23:23:43,442 - military_perimeter_defense - ERROR - «Ź„]¤ĄŖRæł»~: 'MilitaryPerimeterDefense' object has no attribute '_user_behavior_analysis'
2025-09-05 23:23:43,442 - military_perimeter_defense - ERROR - «Ź„]¤ĄŖRæł»~: 'MilitaryPerimeterDefense' object has no attribute '_user_behavior_analysis'
2025-09-05 23:23:43,442 - military_perimeter_defense - ERROR - «Ź„]¤ĄŖRæł»~: 'MilitaryPerimeterDefense' object has no attribute '_user_behavior_analysis'
2025-09-05 23:23:43,442 - military_perimeter_defense - ERROR - «Ź„]¤ĄŖRæł»~: 'MilitaryPerimeterDefense' object has no attribute '_user_behavior_analysis'
2025-09-05 23:23:43,442 - military_perimeter_defense - ERROR - «Ź„]¤ĄŖRæł»~: 'MilitaryPerimeterDefense' object has no attribute '_user_behavior_analysis'
2025-09-05 23:23:43,442 - military_perimeter_defense - ERROR - «Ź„]¤ĄŖRæł»~: 'MilitaryPerimeterDefense' object has no attribute '_user_behavior_analysis'
2025-09-05 23:23:43,442 - military_perimeter_defense - ERROR - «Ź„]¤ĄŖRæł»~: 'MilitaryPerimeterDefense' object has no attribute '_user_behavior_analysis'
2025-09-05 23:23:43,443 - military_perimeter_defense - ERROR - «Ź„]¤ĄŖRæł»~: 'MilitaryPerimeterDefense' object has no attribute '_user_behavior_analysis'
2025-09-05 23:23:43,443 - military_perimeter_defense - ERROR - «Ź„]¤ĄŖRæł»~: 'MilitaryPerimeterDefense' object has no attribute '_user_behavior_analysis'
2025-09-05 23:23:43,443 - military_perimeter_defense - ERROR - «Ź„]¤ĄŖRæł»~: 'MilitaryPerimeterDefense' object has no attribute '_user_behavior_analysis'
2025-09-05 23:23:43,443 - military_perimeter_defense - ERROR - «Ź„]¤ĄŖRæł»~: 'MilitaryPerimeterDefense' object has no attribute '_user_behavior_analysis'
2025-09-05 23:23:43,443 - military_perimeter_defense - ERROR - «Ź„]¤ĄŖRæł»~: 'MilitaryPerimeterDefense' object has no attribute '_user_behavior_analysis'
2025-09-05 23:23:43,444 - military_perimeter_defense - ERROR - «Ź„]¤ĄŖRæł»~: 'MilitaryPerimeterDefense' object has no attribute '_user_behavior_analysis'
2025-09-05 23:23:43,444 - military_perimeter_defense - ERROR - «Ź„]¤ĄŖRæł»~: 'MilitaryPerimeterDefense' object has no attribute '_user_behavior_analysis'
2025-09-05 23:23:43,444 - military_perimeter_defense - ERROR - «Ź„]¤ĄŖRæł»~: 'MilitaryPerimeterDefense' object has no attribute '_user_behavior_analysis'
2025-09-05 23:23:43,444 - military_perimeter_defense - ERROR - «Ź„]¤ĄŖRæł»~: 'MilitaryPerimeterDefense' object has no attribute '_user_behavior_analysis'
2025-09-05 23:23:43,444 - military_perimeter_defense - ERROR - «Ź„]¤ĄŖRæł»~: 'MilitaryPerimeterDefense' object has no attribute '_user_behavior_analysis'
2025-09-05 23:23:43,444 - military_perimeter_defense - ERROR - «Ź„]¤ĄŖRæł»~: 'MilitaryPerimeterDefense' object has no attribute '_user_behavior_analysis'
2025-09-05 23:23:43,444 - military_perimeter_defense - ERROR - «Ź„]¤ĄŖRæł»~: 'MilitaryPerimeterDefense' object has no attribute '_user_behavior_analysis'
2025-09-05 23:23:43,444 - military_perimeter_defense - ERROR - «Ź„]¤ĄŖRæł»~: 'MilitaryPerimeterDefense' object has no attribute '_user_behavior_analysis'
2025-09-05 23:23:43,444 - military_perimeter_defense - ERROR - «Ź„]¤ĄŖRæł»~: 'MilitaryPerimeterDefense' object has no attribute '_user_behavior_analysis'
2025-09-05 23:23:43,445 - military_perimeter_defense - ERROR - «Ź„]¤ĄŖRæł»~: 'MilitaryPerimeterDefense' object has no attribute '_user_behavior_analysis'
2025-09-05 23:23:43,445 - military_perimeter_defense - ERROR - «Ź„]¤ĄŖRæł»~: 'MilitaryPerimeterDefense' object has no attribute '_user_behavior_analysis'
2025-09-05 23:23:43,445 - military_perimeter_defense - ERROR - «Ź„]¤ĄŖRæł»~: 'MilitaryPerimeterDefense' object has no attribute '_user_behavior_analysis'
2025-09-05 23:23:43,445 - military_perimeter_defense - ERROR - «Ź„]¤ĄŖRæł»~: 'MilitaryPerimeterDefense' object has no attribute '_user_behavior_analysis'
2025-09-05 23:23:43,445 - military_perimeter_defense - ERROR - «Ź„]¤ĄŖRæł»~: 'MilitaryPerimeterDefense' object has no attribute '_user_behavior_analysis'
2025-09-05 23:23:43,445 - military_perimeter_defense - WARNING - Ŗż¾×³s½u: 192.168.1.101:61559 -> 192.168.50.250:9100 (³W«h: Ŗż¾×“c·NIP)
2025-09-05 23:23:43,446 - military_perimeter_defense - ERROR - «Ź„]¤ĄŖRæł»~: 'MilitaryPerimeterDefense' object has no attribute '_user_behavior_analysis'
2025-09-05 23:23:43,447 - military_perimeter_defense - ERROR - DDoS§šĄ»ĄĖ“śæł»~: 'tuple' object has no attribute 'port'
2025-09-05 23:23:43,448 - military_perimeter_defense - ERROR - Web§šĄ»ĄĖ“śæł»~: 'tuple' object has no attribute 'port'
2025-09-05 23:23:44,200 - __main__ - INFO - ¦¬Øģ«Hø¹ 2”A„æ¦bĆö³¬²×·„­xØĘÆÅØ¾¤õĄšØt²Ī...
